<?xml version="1.0" encoding="UTF-8"?>
<testng-results ignored="0" total="2" passed="2" failed="0" skipped="0">
  <reporter-output>
  </reporter-output>
  <suite started-at="2021-09-06T14:47:12 IST" name="Default suite" finished-at="2021-09-06T14:47:17 IST" duration-ms="4975">
    <groups>
    </groups>
    <test started-at="2021-09-06T14:47:12 IST" name="Default test" finished-at="2021-09-06T14:47:17 IST" duration-ms="4975">
      <class name="files.DynamicJson2">
        <test-method signature="addBook(java.lang.String,java.lang.String)[pri:0, instance:files.DynamicJson2@120f102b]" started-at="2021-09-06T14:47:13 IST" name="addBook" data-provider="BooksData" finished-at="2021-09-06T14:47:17 IST" duration-ms="4334" status="PASS">
          <params>
            <param index="0">
              <value>
                <![CDATA[ISBN2000]]>
              </value>
            </param>
            <param index="1">
              <value>
                <![CDATA[2000]]>
              </value>
            </param>
          </params>
          <reporter-output>
          </reporter-output>
        </test-method> <!-- addBook -->
        <test-method signature="addBook(java.lang.String,java.lang.String)[pri:0, instance:files.DynamicJson2@120f102b]" started-at="2021-09-06T14:47:17 IST" name="addBook" data-provider="BooksData" finished-at="2021-09-06T14:47:17 IST" duration-ms="571" status="PASS">
          <params>
            <param index="0">
              <value>
                <![CDATA[ISBN3000]]>
              </value>
            </param>
            <param index="1">
              <value>
                <![CDATA[3000]]>
              </value>
            </param>
          </params>
          <reporter-output>
          </reporter-output>
        </test-method> <!-- addBook -->
      </class> <!-- files.DynamicJson2 -->
    </test> <!-- Default test -->
  </suite> <!-- Default suite -->
</testng-results>
